{"contracts/Lottery.sol":{"l":{"17":1,"18":1,"22":0,"23":0,"27":1,"28":1,"31":2,"34":1,"35":1,"36":1,"37":1,"39":0,"44":1,"47":0,"48":0,"49":0,"50":0},"path":"/home/transfor/LoteryOracle/contracts/Lottery.sol","s":{"1":1,"2":0,"3":1,"4":1,"5":1,"6":1,"7":0,"8":0,"9":0},"b":{"1":[1,0],"2":[0,0],"3":[1,0],"4":[1,0],"5":[0,1],"6":[1,0]},"f":{"1":1,"2":0,"3":1,"4":2,"5":1,"6":1,"7":0},"fnMap":{"1":{"name":"minAmount","line":16,"loc":{"start":{"line":16,"column":4},"end":{"line":19,"column":4}}},"2":{"name":"onlyOracle","line":21,"loc":{"start":{"line":21,"column":4},"end":{"line":24,"column":4}}},"3":{"name":"onlyOwner","line":26,"loc":{"start":{"line":26,"column":4},"end":{"line":29,"column":4}}},"4":{"name":"constructor","line":30,"loc":{"start":{"line":30,"column":4},"end":{"line":32,"column":4}}},"5":{"name":"play","line":33,"loc":{"start":{"line":33,"column":4},"end":{"line":41,"column":4}}},"6":{"name":"setOracle","line":43,"loc":{"start":{"line":43,"column":4},"end":{"line":45,"column":4}}},"7":{"name":"fullfilRandomness","line":46,"loc":{"start":{"line":46,"column":4},"end":{"line":53,"column":4}}}},"statementMap":{"1":{"start":{"line":17,"column":8},"end":{"line":17,"column":50}},"2":{"start":{"line":22,"column":8},"end":{"line":22,"column":54}},"3":{"start":{"line":27,"column":8},"end":{"line":27,"column":53}},"4":{"start":{"line":34,"column":8},"end":{"line":34,"column":36}},"5":{"start":{"line":36,"column":8},"end":{"line":36,"column":18}},"6":{"start":{"line":37,"column":8},"end":{"line":37,"column":820}},"7":{"start":{"line":39,"column":12},"end":{"line":39,"column":22}},"8":{"start":{"line":47,"column":8},"end":{"line":47,"column":31}},"9":{"start":{"line":49,"column":8},"end":{"line":49,"column":46}}},"branchMap":{"1":{"line":17,"type":"if","locations":[{"start":{"line":17,"column":8},"end":{"line":17,"column":8}},{"start":{"line":17,"column":8},"end":{"line":17,"column":8}}]},"2":{"line":22,"type":"if","locations":[{"start":{"line":22,"column":8},"end":{"line":22,"column":8}},{"start":{"line":22,"column":8},"end":{"line":22,"column":8}}]},"3":{"line":27,"type":"if","locations":[{"start":{"line":27,"column":8},"end":{"line":27,"column":8}},{"start":{"line":27,"column":8},"end":{"line":27,"column":8}}]},"4":{"line":33,"type":"if","locations":[{"start":{"line":33,"column":37},"end":{"line":33,"column":37}},{"start":{"line":33,"column":37},"end":{"line":33,"column":37}}]},"5":{"line":37,"type":"if","locations":[{"start":{"line":37,"column":8},"end":{"line":37,"column":8}},{"start":{"line":37,"column":8},"end":{"line":37,"column":8}}]},"6":{"line":43,"type":"if","locations":[{"start":{"line":43,"column":49},"end":{"line":43,"column":49}},{"start":{"line":43,"column":49},"end":{"line":43,"column":49}}]}}}}